This file contains any messages produced by compilers while
running configure, to aid debugging if configure makes a mistake.

It was created by FreeType configure 2.9, which was
generated by GNU Autoconf 2.69.  Invocation command line was

  $ ./configure 

## --------- ##
## Platform. ##
## --------- ##

hostname = ox-e3.21-school.ru
uname -m = x86_64
uname -r = 16.7.0
uname -s = Darwin
uname -v = Darwin Kernel Version 16.7.0: Sun Jun  2 20:26:31 PDT 2019; root:xnu-3789.73.50~1/RELEASE_X86_64

/usr/bin/uname -p = i386
/bin/uname -X     = unknown

/bin/arch              = unknown
/usr/bin/arch -k       = unknown
/usr/convex/getsysinfo = unknown
/usr/bin/hostinfo      = Mach kernel version:
	 Darwin Kernel Version 16.7.0: Sun Jun  2 20:26:31 PDT 2019; root:xnu-3789.73.50~1/RELEASE_X86_64
Kernel configured for up to 4 processors.
4 processors are physically available.
4 processors are logically available.
Processor type: x86_64h (Intel x86-64h Haswell)
Processors active: 0 1 2 3
Primary memory available: 8.00 gigabytes
Default processor set: 310 tasks, 1384 threads, 4 processors
Load average: 1.29, Mach factor: 2.70
/bin/machine           = unknown
/usr/bin/oslevel       = unknown
/bin/universe          = unknown

PATH: /Users/drafe/.brew/bin
PATH: /usr/local/bin
PATH: /usr/bin
PATH: /bin
PATH: /usr/sbin
PATH: /sbin
PATH: /usr/local/munki


## ----------- ##
## Core tests. ##
## ----------- ##

configure:2540: checking build system type
configure:2554: result: x86_64-apple-darwin16.7.0
configure:2574: checking host system type
configure:2587: result: x86_64-apple-darwin16.7.0
configure:2659: checking for gcc
configure:2675: found /usr/bin/gcc
configure:2686: result: gcc
configure:2915: checking for C compiler version
configure:2924: gcc --version >&5
Apple LLVM version 9.0.0 (clang-900.0.39.2)
Target: x86_64-apple-darwin16.7.0
Thread model: posix
InstalledDir: /Applications/Xcode.app/Contents/Developer/Toolchains/XcodeDefault.xctoolchain/usr/bin
Configured with: --prefix=/Applications/Xcode.app/Contents/Developer/usr --with-gxx-include-dir=/usr/include/c++/4.2.1
configure:2935: $? = 0
configure:2924: gcc -v >&5
Configured with: --prefix=/Applications/Xcode.app/Contents/Developer/usr --with-gxx-include-dir=/usr/include/c++/4.2.1
Apple LLVM version 9.0.0 (clang-900.0.39.2)
Target: x86_64-apple-darwin16.7.0
Thread model: posix
InstalledDir: /Applications/Xcode.app/Contents/Developer/Toolchains/XcodeDefault.xctoolchain/usr/bin
configure:2935: $? = 0
configure:2924: gcc -V >&5
clang: error: argument to '-V' is missing (expected 1 value)
clang: error: no input files
configure:2935: $? = 1
configure:2924: gcc -qversion >&5
clang: error: unknown argument: '-qversion'
clang: error: no input files
configure:2935: $? = 1
configure:2955: checking whether the C compiler works
configure:2977: gcc    conftest.c  >&5
configure:2981: $? = 0
configure:3029: result: yes
configure:3032: checking for C compiler default output file name
configure:3034: result: a.out
configure:3040: checking for suffix of executables
configure:3047: gcc -o conftest    conftest.c  >&5
configure:3051: $? = 0
configure:3073: result: 
configure:3095: checking whether we are cross compiling
configure:3103: gcc -o conftest    conftest.c  >&5
configure:3107: $? = 0
configure:3114: ./conftest
configure:3118: $? = 0
configure:3133: result: no
configure:3138: checking for suffix of object files
configure:3160: gcc -c   conftest.c >&5
configure:3164: $? = 0
configure:3185: result: o
configure:3189: checking whether we are using the GNU C compiler
configure:3208: gcc -c   conftest.c >&5
configure:3208: $? = 0
configure:3217: result: yes
configure:3226: checking whether gcc accepts -g
configure:3246: gcc -c -g  conftest.c >&5
configure:3246: $? = 0
configure:3287: result: yes
configure:3304: checking for gcc option to accept ISO C89
configure:3367: gcc  -c -g -O2  conftest.c >&5
configure:3367: $? = 0
configure:3380: result: none needed
configure:3405: checking how to run the C preprocessor
configure:3436: gcc -E  conftest.c
configure:3436: $? = 0
configure:3450: gcc -E  conftest.c
conftest.c:9:10: fatal error: 'ac_nonexistent.h' file not found
#include <ac_nonexistent.h>
         ^~~~~~~~~~~~~~~~~~
1 error generated.
configure:3450: $? = 1
configure: failed program was:
| /* confdefs.h */
| #define PACKAGE_NAME "FreeType"
| #define PACKAGE_TARNAME "freetype"
| #define PACKAGE_VERSION "2.9"
| #define PACKAGE_STRING "FreeType 2.9"
| #define PACKAGE_BUGREPORT "freetype@nongnu.org"
| #define PACKAGE_URL ""
| /* end confdefs.h.  */
| #include <ac_nonexistent.h>
configure:3475: result: gcc -E
configure:3495: gcc -E  conftest.c
configure:3495: $? = 0
configure:3509: gcc -E  conftest.c
conftest.c:9:10: fatal error: 'ac_nonexistent.h' file not found
#include <ac_nonexistent.h>
         ^~~~~~~~~~~~~~~~~~
1 error generated.
configure:3509: $? = 1
configure: failed program was:
| /* confdefs.h */
| #define PACKAGE_NAME "FreeType"
| #define PACKAGE_TARNAME "freetype"
| #define PACKAGE_VERSION "2.9"
| #define PACKAGE_STRING "FreeType 2.9"
| #define PACKAGE_BUGREPORT "freetype@nongnu.org"
| #define PACKAGE_URL ""
| /* end confdefs.h.  */
| #include <ac_nonexistent.h>
configure:3593: checking for pkg-config
configure:3611: found /Users/drafe/.brew/bin/pkg-config
configure:3623: result: /Users/drafe/.brew/bin/pkg-config
configure:3648: checking pkg-config is at least version 0.24
configure:3651: result: yes
configure:3706: checking how to print strings
configure:3733: result: printf
configure:3754: checking for a sed that does not truncate output
configure:3818: result: /usr/bin/sed
configure:3836: checking for grep that handles long lines and -e
configure:3894: result: /usr/bin/grep
configure:3899: checking for egrep
configure:3961: result: /usr/bin/grep -E
configure:3966: checking for fgrep
configure:4028: result: /usr/bin/grep -F
configure:4063: checking for ld used by gcc
configure:4130: result: /Applications/Xcode.app/Contents/Developer/Toolchains/XcodeDefault.xctoolchain/usr/bin/ld
configure:4137: checking if the linker (/Applications/Xcode.app/Contents/Developer/Toolchains/XcodeDefault.xctoolchain/usr/bin/ld) is GNU ld
configure:4152: result: no
configure:4164: checking for BSD- or MS-compatible name lister (nm)
configure:4218: result: /usr/bin/nm -B
configure:4348: checking the name lister (/usr/bin/nm -B) interface
configure:4355: gcc -c -g -O2  conftest.c >&5
configure:4358: /usr/bin/nm -B "conftest.o"
configure:4361: output
00000000000001dc S _some_variable
configure:4368: result: BSD nm
configure:4371: checking whether ln -s works
configure:4375: result: yes
configure:4383: checking the maximum length of command line arguments
configure:4514: result: 196608
configure:4562: checking how to convert x86_64-apple-darwin16.7.0 file names to x86_64-apple-darwin16.7.0 format
configure:4602: result: func_convert_file_noop
configure:4609: checking how to convert x86_64-apple-darwin16.7.0 file names to toolchain format
configure:4629: result: func_convert_file_noop
configure:4636: checking for /Applications/Xcode.app/Contents/Developer/Toolchains/XcodeDefault.xctoolchain/usr/bin/ld option to reload object files
configure:4643: result: -r
configure:4717: checking for objdump
configure:4733: found /usr/bin/objdump
configure:4744: result: objdump
configure:4773: checking how to recognize dependent libraries
configure:4973: result: pass_all
configure:5058: checking for dlltool
configure:5088: result: no
configure:5115: checking how to associate runtime and link libraries
configure:5142: result: printf %s\n
configure:5203: checking for ar
configure:5219: found /usr/bin/ar
configure:5230: result: ar
configure:5267: checking for archiver @FILE support
configure:5284: gcc -c -g -O2  conftest.c >&5
configure:5284: $? = 0
configure:5287: ar cru libconftest.a @conftest.lst >&5
ar: @conftest.lst: No such file or directory
configure:5290: $? = 1
configure:5310: result: no
configure:5368: checking for strip
configure:5384: found /usr/bin/strip
configure:5395: result: strip
configure:5467: checking for ranlib
configure:5483: found /usr/bin/ranlib
configure:5494: result: ranlib
configure:5571: checking for gawk
configure:5601: result: no
configure:5571: checking for mawk
configure:5601: result: no
configure:5571: checking for nawk
configure:5601: result: no
configure:5571: checking for awk
configure:5587: found /usr/bin/awk
configure:5598: result: awk
configure:5638: checking command to parse /usr/bin/nm -B output from gcc object
configure:5791: gcc -c -g -O2  conftest.c >&5
configure:5794: $? = 0
configure:5798: /usr/bin/nm -B conftest.o \| sed -n -e 's/^.*[ ]\([BCDEGRST][BCDEGRST]*\)[ ][ ]*\([_A-Za-z][_A-Za-z0-9]*\)$/\1 \2 \2/p' | sed '/ __gnu_lto/d' \> conftest.nm
configure:5801: $? = 0
cannot find nm_test_var in conftest.nm
configure:5791: gcc -c -g -O2  conftest.c >&5
configure:5794: $? = 0
configure:5798: /usr/bin/nm -B conftest.o \| sed -n -e 's/^.*[ ]\([BCDEGRST][BCDEGRST]*\)[ ][ ]*_\([_A-Za-z][_A-Za-z0-9]*\)$/\1 _\2 \2/p' | sed '/ __gnu_lto/d' \> conftest.nm
configure:5801: $? = 0
configure:5867: gcc -o conftest -g -O2   conftest.c conftstm.o >&5
warning: (x86_64)  could not find object file symbol for symbol _main
configure:5870: $? = 0
configure:5908: result: ok
configure:5955: checking for sysroot
configure:5985: result: no
configure:5992: checking for a working dd
configure:6030: result: /bin/dd
configure:6034: checking how to truncate binary pipes
configure:6049: result: /bin/dd bs=4096 count=1
configure:6378: checking for mt
configure:6408: result: no
configure:6428: checking if : is a manifest tool
configure:6434: : '-?'
configure:6442: result: no
configure:6498: checking for dsymutil
configure:6514: found /usr/bin/dsymutil
configure:6525: result: dsymutil
configure:6590: checking for nmedit
configure:6606: found /usr/bin/nmedit
configure:6617: result: nmedit
configure:6682: checking for lipo
configure:6698: found /usr/bin/lipo
configure:6709: result: lipo
configure:6774: checking for otool
configure:6790: found /usr/bin/otool
configure:6801: result: otool
configure:6866: checking for otool64
configure:6896: result: no
configure:6941: checking for -single_module linker flag
gcc -g -O2  -o libconftest.dylib -dynamiclib -Wl,-single_module conftest.c
configure:6974: result: yes
configure:6977: checking for -exported_symbols_list linker flag
configure:6997: gcc -o conftest -g -O2   -Wl,-exported_symbols_list,conftest.sym conftest.c  >&5
configure:6997: $? = 0
configure:7007: result: yes
configure:7010: checking for -force_load linker flag
gcc -g -O2 -c -o conftest.o conftest.c
ar cru libconftest.a conftest.o
ranlib libconftest.a
gcc -g -O2  -o conftest conftest.c -Wl,-force_load,./libconftest.a
configure:7042: result: yes
configure:7115: checking for ANSI C header files
configure:7135: gcc -c -g -O2  conftest.c >&5
configure:7135: $? = 0
configure:7208: gcc -o conftest -g -O2   conftest.c  >&5
configure:7208: $? = 0
configure:7208: ./conftest
configure:7208: $? = 0
configure:7219: result: yes
configure:7232: checking for sys/types.h
configure:7232: gcc -c -g -O2  conftest.c >&5
configure:7232: $? = 0
configure:7232: result: yes
configure:7232: checking for sys/stat.h
configure:7232: gcc -c -g -O2  conftest.c >&5
configure:7232: $? = 0
configure:7232: result: yes
configure:7232: checking for stdlib.h
configure:7232: gcc -c -g -O2  conftest.c >&5
configure:7232: $? = 0
configure:7232: result: yes
configure:7232: checking for string.h
configure:7232: gcc -c -g -O2  conftest.c >&5
configure:7232: $? = 0
configure:7232: result: yes
configure:7232: checking for memory.h
configure:7232: gcc -c -g -O2  conftest.c >&5
configure:7232: $? = 0
configure:7232: result: yes
configure:7232: checking for strings.h
configure:7232: gcc -c -g -O2  conftest.c >&5
configure:7232: $? = 0
configure:7232: result: yes
configure:7232: checking for inttypes.h
configure:7232: gcc -c -g -O2  conftest.c >&5
configure:7232: $? = 0
configure:7232: result: yes
configure:7232: checking for stdint.h
configure:7232: gcc -c -g -O2  conftest.c >&5
configure:7232: $? = 0
configure:7232: result: yes
configure:7232: checking for unistd.h
configure:7232: gcc -c -g -O2  conftest.c >&5
configure:7232: $? = 0
configure:7232: result: yes
configure:7246: checking for dlfcn.h
configure:7246: gcc -c -g -O2  conftest.c >&5
configure:7246: $? = 0
configure:7246: result: yes
configure:7800: checking for objdir
configure:7815: result: .libs
configure:8075: checking if gcc supports -fno-rtti -fno-exceptions
configure:8093: gcc -c -g -O2  -fno-rtti -fno-exceptions conftest.c >&5
configure:8097: $? = 0
configure:8110: result: yes
configure:8468: checking for gcc option to produce PIC
configure:8475: result: -fno-common -DPIC
configure:8483: checking if gcc PIC flag -fno-common -DPIC works
configure:8501: gcc -c -g -O2  -fno-common -DPIC -DPIC conftest.c >&5
configure:8505: $? = 0
configure:8518: result: yes
configure:8547: checking if gcc static flag -static works
configure:8575: result: no
configure:8590: checking if gcc supports -c -o file.o
configure:8611: gcc -c -g -O2  -o out/conftest2.o conftest.c >&5
configure:8615: $? = 0
configure:8637: result: yes
configure:8645: checking if gcc supports -c -o file.o
configure:8692: result: yes
configure:8725: checking whether the gcc linker (/Applications/Xcode.app/Contents/Developer/Toolchains/XcodeDefault.xctoolchain/usr/bin/ld) supports shared libraries
configure:9984: result: yes
configure:10224: checking dynamic linker characteristics
configure:11042: result: darwin16.7.0 dyld
configure:11164: checking how to hardcode library paths into programs
configure:11189: result: immediate
configure:11737: checking whether stripping libraries is possible
configure:11751: result: yes
configure:11777: checking if libtool supports shared libraries
configure:11779: result: yes
configure:11782: checking whether to build shared libraries
configure:11807: result: yes
configure:11810: checking whether to build static libraries
configure:11814: result: yes
configure:12030: checking for a BSD-compatible install
configure:12098: result: /usr/bin/install -c
configure:12117: checking for a thread-safe mkdir -p
configure:12156: result: ./install-sh -c -d
configure:12170: checking for ANSI C header files
configure:12274: result: yes
configure:12285: checking fcntl.h usability
configure:12285: gcc -c -g -O2  conftest.c >&5
configure:12285: $? = 0
configure:12285: result: yes
configure:12285: checking fcntl.h presence
configure:12285: gcc -E  conftest.c
configure:12285: $? = 0
configure:12285: result: yes
configure:12285: checking for fcntl.h
configure:12285: result: yes
configure:12285: checking for unistd.h
configure:12285: result: yes
configure:12299: checking for an ANSI C-conforming const
configure:12365: gcc -c -g -O2  conftest.c >&5
configure:12365: $? = 0
configure:12372: result: yes
configure:12384: checking size of int
configure:12389: gcc -o conftest -g -O2   conftest.c  >&5
configure:12389: $? = 0
configure:12389: ./conftest
configure:12389: $? = 0
configure:12403: result: 4
configure:12417: checking size of long
configure:12422: gcc -o conftest -g -O2   conftest.c  >&5
configure:12422: $? = 0
configure:12422: ./conftest
configure:12422: $? = 0
configure:12436: result: 8
configure:12447: checking for unsigned long long int
configure:12486: gcc -o conftest -g -O2   conftest.c  >&5
configure:12486: $? = 0
configure:12495: result: yes
configure:12505: checking for long long int
configure:12543: gcc -o conftest -g -O2   conftest.c  >&5
configure:12543: $? = 0
configure:12543: ./conftest
configure:12543: $? = 0
configure:12555: result: yes
configure:12567: checking whether cpp computation of bit length in ftconfig.in works
configure:12622: result: yes
configure:12651: checking for special C compiler options needed for large files
configure:12696: result: no
configure:12702: checking for _FILE_OFFSET_BITS value needed for large files
configure:12727: gcc -c -g -O2  conftest.c >&5
configure:12727: $? = 0
configure:12759: result: no
configure:12861: checking for stdlib.h
configure:12861: result: yes
configure:12861: checking for unistd.h
configure:12861: result: yes
configure:12861: checking for sys/param.h
configure:12861: gcc -c -g -O2  conftest.c >&5
configure:12861: $? = 0
configure:12861: result: yes
configure:12881: checking for getpagesize
configure:12881: gcc -o conftest -g -O2   conftest.c  >&5
configure:12881: $? = 0
configure:12881: result: yes
configure:12890: checking for working mmap
configure:13037: gcc -o conftest -g -O2   conftest.c  >&5
configure:13037: $? = 0
configure:13037: ./conftest
configure:13037: $? = 0
configure:13047: result: yes
configure:13063: checking whether munmap is declared
configure:13063: gcc -c -g -O2  conftest.c >&5
configure:13063: $? = 0
configure:13063: result: yes
configure:13083: checking for munmap's first parameter type
configure:13097: gcc -c -g -O2  conftest.c >&5
configure:13097: $? = 0
configure:13098: result: void *
configure:13115: checking for memcpy
configure:13115: gcc -o conftest -g -O2   conftest.c  >&5
conftest.c:58:6: warning: incompatible redeclaration of library function 'memcpy' [-Wincompatible-library-redeclaration]
char memcpy ();
     ^
conftest.c:58:6: note: 'memcpy' is a builtin with type 'void *(void *, const void *, unsigned long)'
1 warning generated.
configure:13115: $? = 0
configure:13115: result: yes
configure:13115: checking for memmove
configure:13115: gcc -o conftest -g -O2   conftest.c  >&5
conftest.c:59:6: warning: incompatible redeclaration of library function 'memmove' [-Wincompatible-library-redeclaration]
char memmove ();
     ^
conftest.c:59:6: note: 'memmove' is a builtin with type 'void *(void *, const void *, unsigned long)'
1 warning generated.
configure:13115: $? = 0
configure:13115: result: yes
configure:13167: checking gcc compiler flag -ansi to assure ANSI C works correctly
configure:13194: gcc -c -g -O2  -ansi  conftest.c >&5
configure:13194: $? = 0
configure:13195: result: ok, adding to XX_ANSIFLAGS
configure:13259: $PKG_CONFIG --exists --print-errors "$zlib_pkg"
configure:13262: $? = 0
configure:13269: checking for ZLIB
configure:13276: $PKG_CONFIG --exists --print-errors "$zlib_pkg"
configure:13279: $? = 0
configure:13293: $PKG_CONFIG --exists --print-errors "$zlib_pkg"
configure:13296: $? = 0
configure:13334: result: yes
configure:13429: $PKG_CONFIG --exists --print-errors "$bzip2_pkg"
Package bzip2 was not found in the pkg-config search path.
Perhaps you should add the directory containing `bzip2.pc'
to the PKG_CONFIG_PATH environment variable
No package 'bzip2' found
configure:13432: $? = 1
configure:13439: checking for BZIP2
configure:13446: $PKG_CONFIG --exists --print-errors "$bzip2_pkg"
Package bzip2 was not found in the pkg-config search path.
Perhaps you should add the directory containing `bzip2.pc'
to the PKG_CONFIG_PATH environment variable
No package 'bzip2' found
configure:13449: $? = 1
configure:13463: $PKG_CONFIG --exists --print-errors "$bzip2_pkg"
Package bzip2 was not found in the pkg-config search path.
Perhaps you should add the directory containing `bzip2.pc'
to the PKG_CONFIG_PATH environment variable
No package 'bzip2' found
configure:13466: $? = 1
configure:13480: result: no
No package 'bzip2' found
configure:13524: checking for BZ2_bzDecompress in -lbz2
configure:13549: gcc -o conftest -g -O2   conftest.c -lbz2   >&5
configure:13549: $? = 0
configure:13558: result: yes
configure:13561: checking bzlib.h usability
configure:13561: gcc -c -g -O2  conftest.c >&5
configure:13561: $? = 0
configure:13561: result: yes
configure:13561: checking bzlib.h presence
configure:13561: gcc -E  conftest.c
configure:13561: $? = 0
configure:13561: result: yes
configure:13561: checking for bzlib.h
configure:13561: result: yes
configure:13599: $PKG_CONFIG --exists --print-errors "$libpng_pkg"
configure:13602: $? = 0
configure:13609: checking for LIBPNG
configure:13616: $PKG_CONFIG --exists --print-errors "$libpng_pkg"
configure:13619: $? = 0
configure:13633: $PKG_CONFIG --exists --print-errors "$libpng_pkg"
configure:13636: $? = 0
configure:13674: result: yes
configure:13735: $PKG_CONFIG --exists --print-errors "$harfbuzz_pkg"
Package harfbuzz was not found in the pkg-config search path.
Perhaps you should add the directory containing `harfbuzz.pc'
to the PKG_CONFIG_PATH environment variable
No package 'harfbuzz' found
configure:13738: $? = 1
configure:13745: checking for HARFBUZZ
configure:13752: $PKG_CONFIG --exists --print-errors "$harfbuzz_pkg"
Package harfbuzz was not found in the pkg-config search path.
Perhaps you should add the directory containing `harfbuzz.pc'
to the PKG_CONFIG_PATH environment variable
No package 'harfbuzz' found
configure:13755: $? = 1
configure:13769: $PKG_CONFIG --exists --print-errors "$harfbuzz_pkg"
Package harfbuzz was not found in the pkg-config search path.
Perhaps you should add the directory containing `harfbuzz.pc'
to the PKG_CONFIG_PATH environment variable
No package 'harfbuzz' found
configure:13772: $? = 1
configure:13786: result: no
No package 'harfbuzz' found
configure:13849: checking for library containing clock_gettime
configure:13880: gcc -o conftest -g -O2   conftest.c  >&5
configure:13880: $? = 0
configure:13897: result: none required
configure:14728: creating ./config.status

## ---------------------- ##
## Running config.status. ##
## ---------------------- ##

This file was extended by FreeType config.status 2.9, which was
generated by GNU Autoconf 2.69.  Invocation command line was

  CONFIG_FILES    = 
  CONFIG_HEADERS  = 
  CONFIG_LINKS    = 
  CONFIG_COMMANDS = 
  $ ./config.status 

on ox-e3.21-school.ru

config.status:1090: creating ftoption.h
config.status:1090: creating unix-cc.mk
config.status:1090: creating unix-def.mk
config.status:1090: creating ftconfig.h
config.status:1285: executing libtool commands
configure:16764:

Library configuration:
  external zlib: yes (pkg-config)
  bzip2:         yes (autoconf test)
  libpng:        yes (pkg-config)
  harfbuzz:      no


## ---------------- ##
## Cache variables. ##
## ---------------- ##

ac_cv_build=x86_64-apple-darwin16.7.0
ac_cv_c_compiler_gnu=yes
ac_cv_c_const=yes
ac_cv_env_BZIP2_CFLAGS_set=
ac_cv_env_BZIP2_CFLAGS_value=
ac_cv_env_BZIP2_LIBS_set=
ac_cv_env_BZIP2_LIBS_value=
ac_cv_env_CC_set=
ac_cv_env_CC_value=
ac_cv_env_CFLAGS_set=
ac_cv_env_CFLAGS_value=
ac_cv_env_CPPFLAGS_set=
ac_cv_env_CPPFLAGS_value=
ac_cv_env_CPP_set=
ac_cv_env_CPP_value=
ac_cv_env_HARFBUZZ_CFLAGS_set=
ac_cv_env_HARFBUZZ_CFLAGS_value=
ac_cv_env_HARFBUZZ_LIBS_set=
ac_cv_env_HARFBUZZ_LIBS_value=
ac_cv_env_LDFLAGS_set=
ac_cv_env_LDFLAGS_value=
ac_cv_env_LIBPNG_CFLAGS_set=
ac_cv_env_LIBPNG_CFLAGS_value=
ac_cv_env_LIBPNG_LIBS_set=
ac_cv_env_LIBPNG_LIBS_value=
ac_cv_env_LIBS_set=
ac_cv_env_LIBS_value=
ac_cv_env_LT_SYS_LIBRARY_PATH_set=
ac_cv_env_LT_SYS_LIBRARY_PATH_value=
ac_cv_env_PKG_CONFIG_LIBDIR_set=
ac_cv_env_PKG_CONFIG_LIBDIR_value=
ac_cv_env_PKG_CONFIG_PATH_set=
ac_cv_env_PKG_CONFIG_PATH_value=
ac_cv_env_PKG_CONFIG_set=
ac_cv_env_PKG_CONFIG_value=
ac_cv_env_ZLIB_CFLAGS_set=
ac_cv_env_ZLIB_CFLAGS_value=
ac_cv_env_ZLIB_LIBS_set=
ac_cv_env_ZLIB_LIBS_value=
ac_cv_env_build_alias_set=
ac_cv_env_build_alias_value=
ac_cv_env_host_alias_set=
ac_cv_env_host_alias_value=
ac_cv_env_target_alias_set=
ac_cv_env_target_alias_value=
ac_cv_func_getpagesize=yes
ac_cv_func_memcpy=yes
ac_cv_func_memmove=yes
ac_cv_func_mmap_fixed_mapped=yes
ac_cv_have_decl_munmap=yes
ac_cv_header_bzlib_h=yes
ac_cv_header_dlfcn_h=yes
ac_cv_header_fcntl_h=yes
ac_cv_header_inttypes_h=yes
ac_cv_header_memory_h=yes
ac_cv_header_stdc=yes
ac_cv_header_stdint_h=yes
ac_cv_header_stdlib_h=yes
ac_cv_header_string_h=yes
ac_cv_header_strings_h=yes
ac_cv_header_sys_param_h=yes
ac_cv_header_sys_stat_h=yes
ac_cv_header_sys_types_h=yes
ac_cv_header_unistd_h=yes
ac_cv_host=x86_64-apple-darwin16.7.0
ac_cv_lib_bz2_BZ2_bzDecompress=yes
ac_cv_objext=o
ac_cv_path_EGREP='/usr/bin/grep -E'
ac_cv_path_FGREP='/usr/bin/grep -F'
ac_cv_path_GREP=/usr/bin/grep
ac_cv_path_SED=/usr/bin/sed
ac_cv_path_ac_pt_PKG_CONFIG=/Users/drafe/.brew/bin/pkg-config
ac_cv_path_install='/usr/bin/install -c'
ac_cv_path_lt_DD=/bin/dd
ac_cv_prog_AWK=awk
ac_cv_prog_CPP='gcc -E'
ac_cv_prog_ac_ct_AR=ar
ac_cv_prog_ac_ct_CC=gcc
ac_cv_prog_ac_ct_DSYMUTIL=dsymutil
ac_cv_prog_ac_ct_LIPO=lipo
ac_cv_prog_ac_ct_NMEDIT=nmedit
ac_cv_prog_ac_ct_OBJDUMP=objdump
ac_cv_prog_ac_ct_OTOOL=otool
ac_cv_prog_ac_ct_RANLIB=ranlib
ac_cv_prog_ac_ct_STRIP=strip
ac_cv_prog_cc_c89=
ac_cv_prog_cc_g=yes
ac_cv_search_clock_gettime='none required'
ac_cv_sizeof_int=4
ac_cv_sizeof_long=8
ac_cv_sys_file_offset_bits=no
ac_cv_sys_largefile_CC=no
ac_cv_type_long_long_int=yes
ac_cv_type_unsigned_long_long_int=yes
lt_cv_apple_cc_single_mod=yes
lt_cv_ar_at_file=no
lt_cv_deplibs_check_method=pass_all
lt_cv_file_magic_cmd='$MAGIC_CMD'
lt_cv_file_magic_test_file=
lt_cv_ld_exported_symbols_list=yes
lt_cv_ld_force_load=yes
lt_cv_ld_reload_flag=-r
lt_cv_nm_interface='BSD nm'
lt_cv_objdir=.libs
lt_cv_path_LD=/Applications/Xcode.app/Contents/Developer/Toolchains/XcodeDefault.xctoolchain/usr/bin/ld
lt_cv_path_NM='/usr/bin/nm -B'
lt_cv_path_mainfest_tool=no
lt_cv_prog_compiler_c_o=yes
lt_cv_prog_compiler_pic='-fno-common -DPIC'
lt_cv_prog_compiler_pic_works=yes
lt_cv_prog_compiler_rtti_exceptions=yes
lt_cv_prog_compiler_static_works=no
lt_cv_prog_gnu_ld=no
lt_cv_sharedlib_from_linklib_cmd='printf %s\n'
lt_cv_sys_global_symbol_pipe='sed -n -e '\''s/^.*[	 ]\([BCDEGRST][BCDEGRST]*\)[	 ][	 ]*_\([_A-Za-z][_A-Za-z0-9]*\)$/\1 _\2 \2/p'\'' | sed '\''/ __gnu_lto/d'\'''
lt_cv_sys_global_symbol_to_c_name_address='sed -n -e '\''s/^: \(.*\) .*$/  {"\1", (void *) 0},/p'\'' -e '\''s/^[BCDEGRST][BCDEGRST]* .* \(.*\)$/  {"\1", (void *) \&\1},/p'\'''
lt_cv_sys_global_symbol_to_c_name_address_lib_prefix='sed -n -e '\''s/^: \(.*\) .*$/  {"\1", (void *) 0},/p'\'' -e '\''s/^[BCDEGRST][BCDEGRST]* .* \(lib.*\)$/  {"\1", (void *) \&\1},/p'\'' -e '\''s/^[BCDEGRST][BCDEGRST]* .* \(.*\)$/  {"lib\1", (void *) \&\1},/p'\'''
lt_cv_sys_global_symbol_to_cdecl='sed -n -e '\''s/^T .* \(.*\)$/extern int \1();/p'\'' -e '\''s/^[BCDEGRST][BCDEGRST]* .* \(.*\)$/extern char \1;/p'\'''
lt_cv_sys_global_symbol_to_import=
lt_cv_sys_max_cmd_len=196608
lt_cv_to_host_file_cmd=func_convert_file_noop
lt_cv_to_tool_file_cmd=func_convert_file_noop
lt_cv_truncate_bin='/bin/dd bs=4096 count=1'
pkg_cv_LIBPNG_CFLAGS=-I/Users/drafe/.brew/Cellar/libpng/1.6.37/include/libpng16
pkg_cv_LIBPNG_LIBS='-L/Users/drafe/.brew/Cellar/libpng/1.6.37/lib -lpng16 -lz'
pkg_cv_ZLIB_CFLAGS=
pkg_cv_ZLIB_LIBS=-lz

## ----------------- ##
## Output variables. ##
## ----------------- ##

AR='ar'
AS='as'
AWK='awk'
BZIP2_CFLAGS=''
BZIP2_LIBS='-lbz2'
CC='gcc'
CC_BUILD='gcc'
CFLAGS='-g -O2 -DDARWIN_NO_CARBON   -I/Users/drafe/.brew/Cellar/libpng/1.6.37/include/libpng16'
CPP='gcc -E'
CPPFLAGS=''
DEFS='-DHAVE_CONFIG_H'
DLLTOOL='false'
DSYMUTIL='dsymutil'
DUMPBIN=''
ECHO_C='\c'
ECHO_N=''
ECHO_T=''
EGREP='/usr/bin/grep -E'
EXEEXT=''
EXEEXT_BUILD=''
FGREP='/usr/bin/grep -F'
FTSYS_SRC='$(BUILD_DIR)/ftsystem.c'
GREP='/usr/bin/grep'
HARFBUZZ_CFLAGS=''
HARFBUZZ_LIBS=''
INSTALL_DATA='${INSTALL} -m 644'
INSTALL_PROGRAM='${INSTALL}'
INSTALL_SCRIPT='${INSTALL}'
LD='/Applications/Xcode.app/Contents/Developer/Toolchains/XcodeDefault.xctoolchain/usr/bin/ld'
LDFLAGS=' -lz -lbz2 -L/Users/drafe/.brew/Cellar/libpng/1.6.37/lib -lpng16 -lz'
LIBOBJS=''
LIBPNG_CFLAGS='-I/Users/drafe/.brew/Cellar/libpng/1.6.37/include/libpng16'
LIBPNG_LIBS='-L/Users/drafe/.brew/Cellar/libpng/1.6.37/lib -lpng16 -lz'
LIBS=''
LIBSSTATIC_CONFIG='-lfreetype -lz -lbz2 -L/Users/drafe/.brew/Cellar/libpng/1.6.37/lib -lpng16 -lz'
LIBS_PRIVATE='-lbz2'
LIBTOOL='$(SHELL) $(top_builddir)/libtool'
LIB_CLOCK_GETTIME=''
LIPO='lipo'
LN_S='ln -s'
LTLIBOBJS=''
LT_SYS_LIBRARY_PATH=''
MANIFEST_TOOL=':'
MKDIR_P='/Users/drafe/Desktop/txtr/freetype/builds/unix/./install-sh -c -d'
NM='/usr/bin/nm -B'
NMEDIT='nmedit'
OBJDUMP='objdump'
OBJEXT='o'
OTOOL64=':'
OTOOL='otool'
PACKAGE_BUGREPORT='freetype@nongnu.org'
PACKAGE_NAME='FreeType'
PACKAGE_STRING='FreeType 2.9'
PACKAGE_TARNAME='freetype'
PACKAGE_URL=''
PACKAGE_VERSION='2.9'
PATH_SEPARATOR=':'
PKG_CONFIG='/Users/drafe/.brew/bin/pkg-config'
PKG_CONFIG_LIBDIR=''
PKG_CONFIG_PATH=''
RANLIB='ranlib'
REQUIRES_PRIVATE='zlib, libpng'
SED='/usr/bin/sed'
SHELL='/bin/sh'
STRIP='strip'
XX_ANSIFLAGS=' -ansi'
XX_CFLAGS='-Wall'
ZLIB_CFLAGS=''
ZLIB_LIBS='-lz'
ac_ct_AR='ar'
ac_ct_CC='gcc'
ac_ct_DUMPBIN=''
bindir='${exec_prefix}/bin'
build='x86_64-apple-darwin16.7.0'
build_alias=''
build_cpu='x86_64'
build_libtool_libs=''
build_os='darwin16.7.0'
build_vendor='apple'
datadir='${datarootdir}'
datarootdir='${prefix}/share'
docdir='${datarootdir}/doc/${PACKAGE_TARNAME}'
dvidir='${docdir}'
exec_prefix='${prefix}'
ft_version='22.0.16'
ftmac_c=''
hardcode_libdir_flag_spec=''
host='x86_64-apple-darwin16.7.0'
host_alias=''
host_cpu='x86_64'
host_os='darwin16.7.0'
host_vendor='apple'
htmldir='${docdir}'
includedir='${prefix}/include'
infodir='${datarootdir}/info'
libdir='${exec_prefix}/lib'
libexecdir='${exec_prefix}/libexec'
localedir='${datarootdir}/locale'
localstatedir='${prefix}/var'
mandir='${datarootdir}/man'
oldincludedir='/usr/include'
pdfdir='${docdir}'
prefix='/usr/local'
program_transform_name='s,x,x,'
psdir='${docdir}'
sbindir='${exec_prefix}/sbin'
sharedstatedir='${prefix}/com'
sysconfdir='${prefix}/etc'
target_alias=''
version_info='22:0:16'
wl='-Wl,'

## ----------- ##
## confdefs.h. ##
## ----------- ##

/* confdefs.h */
#define PACKAGE_NAME "FreeType"
#define PACKAGE_TARNAME "freetype"
#define PACKAGE_VERSION "2.9"
#define PACKAGE_STRING "FreeType 2.9"
#define PACKAGE_BUGREPORT "freetype@nongnu.org"
#define PACKAGE_URL ""
#define STDC_HEADERS 1
#define HAVE_SYS_TYPES_H 1
#define HAVE_SYS_STAT_H 1
#define HAVE_STDLIB_H 1
#define HAVE_STRING_H 1
#define HAVE_MEMORY_H 1
#define HAVE_STRINGS_H 1
#define HAVE_INTTYPES_H 1
#define HAVE_STDINT_H 1
#define HAVE_UNISTD_H 1
#define HAVE_DLFCN_H 1
#define LT_OBJDIR ".libs/"
#define STDC_HEADERS 1
#define HAVE_FCNTL_H 1
#define HAVE_UNISTD_H 1
#define SIZEOF_INT 4
#define SIZEOF_LONG 8
#define HAVE_UNSIGNED_LONG_LONG_INT 1
#define HAVE_LONG_LONG_INT 1
#define HAVE_STDLIB_H 1
#define HAVE_UNISTD_H 1
#define HAVE_SYS_PARAM_H 1
#define HAVE_GETPAGESIZE 1
#define HAVE_MMAP 1
#define HAVE_DECL_MUNMAP 1
#define MUNMAP_USES_VOIDP /**/
#define HAVE_MEMCPY 1
#define HAVE_MEMMOVE 1

configure: exit 0
